<?xml version="1.0" encoding="UTF-8"?>
<!-- Generated by org.testng.reporters.JUnitReportReporter -->
<testsuite hostname="DESKTOP-EPM98TU" failures="0" tests="1" name="testscript.ClientTest" time="20.057" errors="0" timestamp="2025-01-16T15:06:53 IST" skipped="0">
  <testcase classname="testscript.ClientTest" name="searchclientnameandid" time="20.057"/>
</testsuite> <!-- testscript.ClientTest -->
