<?xml version="1.0" encoding="UTF-8"?>
<!-- Generated by org.testng.reporters.JUnitReportReporter -->
<testsuite hostname="DESKTOP-EPM98TU" failures="0" tests="1" name="testng.NewTest3" time="0.027" errors="0" timestamp="2025-01-14T10:09:42 IST" skipped="0">
  <testcase classname="testng.NewTest3" name="sum" time="0.027"/>
</testsuite> <!-- testng.NewTest3 -->
