<?xml version="1.0" encoding="UTF-8"?>
<!-- Generated by org.testng.reporters.JUnitReportReporter -->
<testsuite hostname="DESKTOP-EPM98TU" failures="0" tests="1" name="testscript.WorkersTest" time="13.050" errors="0" timestamp="2025-01-17T10:03:54 IST" skipped="0">
  <testcase classname="testscript.WorkersTest" name="searchfirstnameandlastname" time="13.050"/>
</testsuite> <!-- testscript.WorkersTest -->
