<?xml version="1.0" encoding="UTF-8"?>
<!-- Generated by org.testng.reporters.JUnitReportReporter -->
<testsuite hostname="DESKTOP-EPM98TU" failures="0" tests="2" name="testng.NewTest1" time="0.047" errors="0" timestamp="2025-01-13T14:42:45 IST" skipped="0">
  <testcase classname="testng.NewTest1" name="test" time="0.013"/>
  <testcase classname="testng.NewTest1" name="sample" time="0.034"/>
</testsuite> <!-- testng.NewTest1 -->
