<?xml version="1.0" encoding="UTF-8"?>
<!-- Generated by org.testng.reporters.JUnitReportReporter -->
<testsuite hostname="DESKTOP-EPM98TU" failures="0" tests="1" name="testscript.HomeTest" time="17.175" errors="0" timestamp="2025-01-31T17:10:26 IST" skipped="0">
  <testcase classname="testscript.HomeTest" name="verifyuserisabletologout" time="17.175"/>
</testsuite> <!-- testscript.HomeTest -->
