<?xml version="1.0" encoding="UTF-8"?>
<!-- Generated by org.testng.reporters.JUnitReportReporter -->
<testsuite hostname="DESKTOP-EPM98TU" failures="0" tests="1" name="testng.NewTest2" time="0.023" errors="0" timestamp="2025-01-13T14:48:17 IST" skipped="0">
  <testcase classname="testng.NewTest2" name="sample" time="0.023"/>
</testsuite> <!-- testng.NewTest2 -->
