<?xml version="1.0" encoding="UTF-8"?>
<!-- Generated by org.testng.reporters.JUnitReportReporter -->
<testsuite hostname="DESKTOP-EPM98TU" failures="0" tests="3" name="testng.NewTest" time="0.042" errors="0" timestamp="2025-01-13T14:31:29 IST" skipped="0">
  <testcase classname="testng.NewTest" name="add" time="0.028"/>
  <testcase classname="testng.NewTest" name="sub" time="0.004"/>
  <testcase classname="testng.NewTest" name="adisplay" time="0.010"/>
</testsuite> <!-- testng.NewTest -->
