<?xml version="1.0" encoding="UTF-8"?>
<!-- Generated by org.testng.reporters.JUnitReportReporter -->
<testsuite hostname="DESKTOP-EPM98TU" failures="0" tests="2" name="testscript.AdminuserTest" time="33.862" errors="0" timestamp="2025-02-10T14:41:51 IST" skipped="0">
  <testcase classname="testscript.AdminuserTest" name="verifynewuserisadded" time="15.686"/>
  <testcase classname="testscript.AdminuserTest" name="verifyadminuserissearchable" time="18.176"/>
</testsuite> <!-- testscript.AdminuserTest -->
