<?xml version="1.0" encoding="UTF-8"?>
<!-- Generated by org.testng.reporters.JUnitReportReporter -->
<testsuite hostname="DESKTOP-EPM98TU" failures="0" tests="1" name="testscript.SubCategoryTest" time="8.729" errors="0" timestamp="2025-02-04T20:48:43 IST" skipped="0">
  <testcase classname="testscript.SubCategoryTest" name="verifysubcategoryissearchable" time="8.729"/>
</testsuite> <!-- testscript.SubCategoryTest -->
