<?xml version="1.0" encoding="UTF-8"?>
<!-- Generated by org.testng.reporters.JUnitReportReporter -->
<testsuite hostname="DESKTOP-EPM98TU" failures="0" tests="2" name="testscript.ManageNewsTest" time="31.385" errors="0" timestamp="2025-02-10T14:41:51 IST" skipped="0">
  <testcase classname="testscript.ManageNewsTest" name="verifynewsisadded" time="15.226"/>
  <testcase classname="testscript.ManageNewsTest" name="verifynewsissearchable" time="16.159"/>
</testsuite> <!-- testscript.ManageNewsTest -->
