<?xml version="1.0" encoding="UTF-8"?>
<!-- Generated by org.testng.reporters.JUnitReportReporter -->
<testsuite hostname="DESKTOP-EPM98TU" failures="0" tests="2" name="testscript.LoginTest" time="18.981" errors="0" timestamp="2025-02-10T14:58:46 IST" skipped="0">
  <testcase classname="testscript.LoginTest" name="verifyuserisabletologinwithinvalidusernameandvalidpassword" time="7.710"/>
  <testcase classname="testscript.LoginTest" name="verifyuserisabletologinwithinvalidusernameandinvalidpassword" time="11.271"/>
</testsuite> <!-- testscript.LoginTest -->
